# JRE version: OpenJDK Runtime Environment (8.0_282-b08) (build 1.8.0_282-b08)
# Java VM: OpenJDK 64-Bit Server VM (25.282-b08 mixed mode windows-amd64 compressed oops)
Heap:
 PSYoungGen      total 496640K, used 468992K [0x00000000e0000000, 0x0000000100000000, 0x0000000100000000)
  eden space 468992K, 100% used [0x00000000e0000000,0x00000000fca00000,0x00000000fca00000)
  from space 27648K, 0% used [0x00000000fca00000,0x00000000fca00000,0x00000000fe500000)
  to   space 27136K, 0% used [0x00000000fe580000,0x00000000fe580000,0x0000000100000000)
 ParOldGen       total 1048576K, used 1048194K [0x00000000a0000000, 0x00000000e0000000, 0x00000000e0000000)
  object space 1048576K, 99% used [0x00000000a0000000,0x00000000dffa0b30,0x00000000e0000000)
 Metaspace       used 19439K, capacity 20216K, committed 21760K, reserved 1069056K
  class space    used 2390K, capacity 2571K, committed 2816K, reserved 1048576K
GC Heap History (10 events):
Event: 289.400 GC heap after
Heap after GC invocations=709 (full 430):
 PSYoungGen      total 496640K, used 451097K [0x00000000e0000000, 0x0000000100000000, 0x0000000100000000)
  eden space 468992K, 96% used [0x00000000e0000000,0x00000000fb8864d0,0x00000000fca00000)
  from space 27648K, 0% used [0x00000000fca00000,0x00000000fca00000,0x00000000fe500000)
  to   space 27136K, 0% used [0x00000000fe580000,0x00000000fe580000,0x0000000100000000)
 ParOldGen       total 1048576K, used 1048194K [0x00000000a0000000, 0x00000000e0000000, 0x00000000e0000000)
  object space 1048576K, 99% used [0x00000000a0000000,0x00000000dffa0b30,0x00000000e0000000)
 Metaspace       used 19439K, capacity 20216K, committed 21760K, reserved 1069056K
  class space    used 2390K, capacity 2571K, committed 2816K, reserved 1048576K
}
Event: 289.415 GC heap before
{Heap before GC invocations=710 (full 431):
 PSYoungGen      total 496640K, used 468992K [0x00000000e0000000, 0x0000000100000000, 0x0000000100000000)
  eden space 468992K, 100% used [0x00000000e0000000,0x00000000fca00000,0x00000000fca00000)
  from space 27648K, 0% used [0x00000000fca00000,0x00000000fca00000,0x00000000fe500000)
  to   space 27136K, 0% used [0x00000000fe580000,0x00000000fe580000,0x0000000100000000)
 ParOldGen       total 1048576K, used 1048194K [0x00000000a0000000, 0x00000000e0000000, 0x00000000e0000000)
  object space 1048576K, 99% used [0x00000000a0000000,0x00000000dffa0b30,0x00000000e0000000)
 Metaspace       used 19439K, capacity 20216K, committed 21760K, reserved 1069056K
  class space    used 2390K, capacity 2571K, committed 2816K, reserved 1048576K
Event: 289.819 GC heap after
Heap after GC invocations=710 (full 431):
 PSYoungGen      total 496640K, used 451132K [0x00000000e0000000, 0x0000000100000000, 0x0000000100000000)
  eden space 468992K, 96% used [0x00000000e0000000,0x00000000fb88f168,0x00000000fca00000)
  from space 27648K, 0% used [0x00000000fca00000,0x00000000fca00000,0x00000000fe500000)
  to   space 27136K, 0% used [0x00000000fe580000,0x00000000fe580000,0x0000000100000000)
 ParOldGen       total 1048576K, used 1048194K [0x00000000a0000000, 0x00000000e0000000, 0x00000000e0000000)
  object space 1048576K, 99% used [0x00000000a0000000,0x00000000dffa0b30,0x00000000e0000000)
 Metaspace       used 19439K, capacity 20216K, committed 21760K, reserved 1069056K
  class space    used 2390K, capacity 2571K, committed 2816K, reserved 1048576K
}
Event: 289.834 GC heap before
{Heap before GC invocations=711 (full 432):
 PSYoungGen      total 496640K, used 468992K [0x00000000e0000000, 0x0000000100000000, 0x0000000100000000)
  eden space 468992K, 100% used [0x00000000e0000000,0x00000000fca00000,0x00000000fca00000)
  from space 27648K, 0% used [0x00000000fca00000,0x00000000fca00000,0x00000000fe500000)
  to   space 27136K, 0% used [0x00000000fe580000,0x00000000fe580000,0x0000000100000000)
 ParOldGen       total 1048576K, used 1048194K [0x00000000a0000000, 0x00000000e0000000, 0x00000000e0000000)
  object space 1048576K, 99% used [0x00000000a0000000,0x00000000dffa0b30,0x00000000e0000000)
 Metaspace       used 19439K, capacity 20216K, committed 21760K, reserved 1069056K
  class space    used 2390K, capacity 2571K, committed 2816K, reserved 1048576K
Event: 290.238 GC heap after
Heap after GC invocations=711 (full 432):
 PSYoungGen      total 496640K, used 451130K [0x00000000e0000000, 0x0000000100000000, 0x0000000100000000)
  eden space 468992K, 96% used [0x00000000e0000000,0x00000000fb88ea50,0x00000000fca00000)
  from space 27648K, 0% used [0x00000000fca00000,0x00000000fca00000,0x00000000fe500000)
  to   space 27136K, 0% used [0x00000000fe580000,0x00000000fe580000,0x0000000100000000)
 ParOldGen       total 1048576K, used 1048194K [0x00000000a0000000, 0x00000000e0000000, 0x00000000e0000000)
  object space 1048576K, 99% used [0x00000000a0000000,0x00000000dffa0b30,0x00000000e0000000)
 Metaspace       used 19439K, capacity 20216K, committed 21760K, reserved 1069056K
  class space    used 2390K, capacity 2571K, committed 2816K, reserved 1048576K
}
Event: 290.253 GC heap before
{Heap before GC invocations=712 (full 433):
 PSYoungGen      total 496640K, used 468992K [0x00000000e0000000, 0x0000000100000000, 0x0000000100000000)
  eden space 468992K, 100% used [0x00000000e0000000,0x00000000fca00000,0x00000000fca00000)
  from space 27648K, 0% used [0x00000000fca00000,0x00000000fca00000,0x00000000fe500000)
  to   space 27136K, 0% used [0x00000000fe580000,0x00000000fe580000,0x0000000100000000)
 ParOldGen       total 1048576K, used 1048194K [0x00000000a0000000, 0x00000000e0000000, 0x00000000e0000000)
  object space 1048576K, 99% used [0x00000000a0000000,0x00000000dffa0b30,0x00000000e0000000)
 Metaspace       used 19439K, capacity 20216K, committed 21760K, reserved 1069056K
  class space    used 2390K, capacity 2571K, committed 2816K, reserved 1048576K
Event: 290.671 GC heap after
Heap after GC invocations=712 (full 433):
 PSYoungGen      total 496640K, used 451133K [0x00000000e0000000, 0x0000000100000000, 0x0000000100000000)
  eden space 468992K, 96% used [0x00000000e0000000,0x00000000fb88f428,0x00000000fca00000)
  from space 27648K, 0% used [0x00000000fca00000,0x00000000fca00000,0x00000000fe500000)
  to   space 27136K, 0% used [0x00000000fe580000,0x00000000fe580000,0x0000000100000000)
 ParOldGen       total 1048576K, used 1048194K [0x00000000a0000000, 0x00000000e0000000, 0x00000000e0000000)
  object space 1048576K, 99% used [0x00000000a0000000,0x00000000dffa0b30,0x00000000e0000000)
 Metaspace       used 19439K, capacity 20216K, committed 21760K, reserved 1069056K
  class space    used 2390K, capacity 2571K, committed 2816K, reserved 1048576K
}
Event: 290.686 GC heap before
{Heap before GC invocations=713 (full 434):
 PSYoungGen      total 496640K, used 468992K [0x00000000e0000000, 0x0000000100000000, 0x0000000100000000)
  eden space 468992K, 100% used [0x00000000e0000000,0x00000000fca00000,0x00000000fca00000)
  from space 27648K, 0% used [0x00000000fca00000,0x00000000fca00000,0x00000000fe500000)
  to   space 27136K, 0% used [0x00000000fe580000,0x00000000fe580000,0x0000000100000000)
 ParOldGen       total 1048576K, used 1048194K [0x00000000a0000000, 0x00000000e0000000, 0x00000000e0000000)
  object space 1048576K, 99% used [0x00000000a0000000,0x00000000dffa0b30,0x00000000e0000000)
 Metaspace       used 19439K, capacity 20216K, committed 21760K, reserved 1069056K
  class space    used 2390K, capacity 2571K, committed 2816K, reserved 1048576K
Event: 291.090 GC heap after
Heap after GC invocations=713 (full 434):
 PSYoungGen      total 496640K, used 451161K [0x00000000e0000000, 0x0000000100000000, 0x0000000100000000)
  eden space 468992K, 96% used [0x00000000e0000000,0x00000000fb896618,0x00000000fca00000)
  from space 27648K, 0% used [0x00000000fca00000,0x00000000fca00000,0x00000000fe500000)
  to   space 27136K, 0% used [0x00000000fe580000,0x00000000fe580000,0x0000000100000000)
 ParOldGen       total 1048576K, used 1048194K [0x00000000a0000000, 0x00000000e0000000, 0x00000000e0000000)
  object space 1048576K, 99% used [0x00000000a0000000,0x00000000dffa0b30,0x00000000e0000000)
 Metaspace       used 19439K, capacity 20216K, committed 21760K, reserved 1069056K
  class space    used 2390K, capacity 2571K, committed 2816K, reserved 1048576K
}
Event: 291.105 GC heap before
{Heap before GC invocations=714 (full 435):
 PSYoungGen      total 496640K, used 468992K [0x00000000e0000000, 0x0000000100000000, 0x0000000100000000)
  eden space 468992K, 100% used [0x00000000e0000000,0x00000000fca00000,0x00000000fca00000)
  from space 27648K, 0% used [0x00000000fca00000,0x00000000fca00000,0x00000000fe500000)
  to   space 27136K, 0% used [0x00000000fe580000,0x00000000fe580000,0x0000000100000000)
 ParOldGen       total 1048576K, used 1048194K [0x00000000a0000000, 0x00000000e0000000, 0x00000000e0000000)
  object space 1048576K, 99% used [0x00000000a0000000,0x00000000dffa0b30,0x00000000e0000000)
 Metaspace       used 19439K, capacity 20216K, committed 21760K, reserved 1069056K
  class space    used 2390K, capacity 2571K, committed 2816K, reserved 1048576K

