# JRE version: OpenJDK Runtime Environment (8.0_282-b08) (build 1.8.0_282-b08)
# Java VM: OpenJDK 64-Bit Server VM (25.282-b08 mixed mode windows-amd64 compressed oops)
Heap:
 PSYoungGen      total 392192K, used 266240K [0x00000000e0000000, 0x00000000ff980000, 0x0000000100000000)
  eden space 266240K, 100% used [0x00000000e0000000,0x00000000f0400000,0x00000000f0400000)
  from space 125952K, 0% used [0x00000000f0400000,0x00000000f0400000,0x00000000f7f00000)
  to   space 122368K, 0% used [0x00000000f8200000,0x00000000f8200000,0x00000000ff980000)
 ParOldGen       total 1048576K, used 1048575K [0x00000000a0000000, 0x00000000e0000000, 0x00000000e0000000)
  object space 1048576K, 99% used [0x00000000a0000000,0x00000000dfffffb0,0x00000000e0000000)
 Metaspace       used 29167K, capacity 29460K, committed 31744K, reserved 1077248K
  class space    used 3831K, capacity 3932K, committed 4352K, reserved 1048576K
GC Heap History (10 events):
Event: 555.333 GC heap after
Heap after GC invocations=1829 (full 1510):
 PSYoungGen      total 392192K, used 266236K [0x00000000e0000000, 0x00000000ff980000, 0x0000000100000000)
  eden space 266240K, 99% used [0x00000000e0000000,0x00000000f03ff210,0x00000000f0400000)
  from space 125952K, 0% used [0x00000000f0400000,0x00000000f0400000,0x00000000f7f00000)
  to   space 122368K, 0% used [0x00000000f8200000,0x00000000f8200000,0x00000000ff980000)
 ParOldGen       total 1048576K, used 1048575K [0x00000000a0000000, 0x00000000e0000000, 0x00000000e0000000)
  object space 1048576K, 99% used [0x00000000a0000000,0x00000000dfffffb0,0x00000000e0000000)
 Metaspace       used 29167K, capacity 29460K, committed 31744K, reserved 1077248K
  class space    used 3831K, capacity 3932K, committed 4352K, reserved 1048576K
}
Event: 555.333 GC heap before
{Heap before GC invocations=1830 (full 1511):
 PSYoungGen      total 392192K, used 266240K [0x00000000e0000000, 0x00000000ff980000, 0x0000000100000000)
  eden space 266240K, 100% used [0x00000000e0000000,0x00000000f0400000,0x00000000f0400000)
  from space 125952K, 0% used [0x00000000f0400000,0x00000000f0400000,0x00000000f7f00000)
  to   space 122368K, 0% used [0x00000000f8200000,0x00000000f8200000,0x00000000ff980000)
 ParOldGen       total 1048576K, used 1048575K [0x00000000a0000000, 0x00000000e0000000, 0x00000000e0000000)
  object space 1048576K, 99% used [0x00000000a0000000,0x00000000dfffffb0,0x00000000e0000000)
 Metaspace       used 29167K, capacity 29460K, committed 31744K, reserved 1077248K
  class space    used 3831K, capacity 3932K, committed 4352K, reserved 1048576K
Event: 555.644 GC heap after
Heap after GC invocations=1830 (full 1511):
 PSYoungGen      total 392192K, used 266238K [0x00000000e0000000, 0x00000000ff980000, 0x0000000100000000)
  eden space 266240K, 99% used [0x00000000e0000000,0x00000000f03ff828,0x00000000f0400000)
  from space 125952K, 0% used [0x00000000f0400000,0x00000000f0400000,0x00000000f7f00000)
  to   space 122368K, 0% used [0x00000000f8200000,0x00000000f8200000,0x00000000ff980000)
 ParOldGen       total 1048576K, used 1048575K [0x00000000a0000000, 0x00000000e0000000, 0x00000000e0000000)
  object space 1048576K, 99% used [0x00000000a0000000,0x00000000dfffffb0,0x00000000e0000000)
 Metaspace       used 29167K, capacity 29460K, committed 31744K, reserved 1077248K
  class space    used 3831K, capacity 3932K, committed 4352K, reserved 1048576K
}
Event: 555.644 GC heap before
{Heap before GC invocations=1831 (full 1512):
 PSYoungGen      total 392192K, used 266240K [0x00000000e0000000, 0x00000000ff980000, 0x0000000100000000)
  eden space 266240K, 100% used [0x00000000e0000000,0x00000000f0400000,0x00000000f0400000)
  from space 125952K, 0% used [0x00000000f0400000,0x00000000f0400000,0x00000000f7f00000)
  to   space 122368K, 0% used [0x00000000f8200000,0x00000000f8200000,0x00000000ff980000)
 ParOldGen       total 1048576K, used 1048575K [0x00000000a0000000, 0x00000000e0000000, 0x00000000e0000000)
  object space 1048576K, 99% used [0x00000000a0000000,0x00000000dfffffb0,0x00000000e0000000)
 Metaspace       used 29167K, capacity 29460K, committed 31744K, reserved 1077248K
  class space    used 3831K, capacity 3932K, committed 4352K, reserved 1048576K
Event: 555.955 GC heap after
Heap after GC invocations=1831 (full 1512):
 PSYoungGen      total 392192K, used 266238K [0x00000000e0000000, 0x00000000ff980000, 0x0000000100000000)
  eden space 266240K, 99% used [0x00000000e0000000,0x00000000f03ff978,0x00000000f0400000)
  from space 125952K, 0% used [0x00000000f0400000,0x00000000f0400000,0x00000000f7f00000)
  to   space 122368K, 0% used [0x00000000f8200000,0x00000000f8200000,0x00000000ff980000)
 ParOldGen       total 1048576K, used 1048575K [0x00000000a0000000, 0x00000000e0000000, 0x00000000e0000000)
  object space 1048576K, 99% used [0x00000000a0000000,0x00000000dfffffb0,0x00000000e0000000)
 Metaspace       used 29167K, capacity 29460K, committed 31744K, reserved 1077248K
  class space    used 3831K, capacity 3932K, committed 4352K, reserved 1048576K
}
Event: 555.955 GC heap before
{Heap before GC invocations=1832 (full 1513):
 PSYoungGen      total 392192K, used 266240K [0x00000000e0000000, 0x00000000ff980000, 0x0000000100000000)
  eden space 266240K, 100% used [0x00000000e0000000,0x00000000f0400000,0x00000000f0400000)
  from space 125952K, 0% used [0x00000000f0400000,0x00000000f0400000,0x00000000f7f00000)
  to   space 122368K, 0% used [0x00000000f8200000,0x00000000f8200000,0x00000000ff980000)
 ParOldGen       total 1048576K, used 1048575K [0x00000000a0000000, 0x00000000e0000000, 0x00000000e0000000)
  object space 1048576K, 99% used [0x00000000a0000000,0x00000000dfffffb0,0x00000000e0000000)
 Metaspace       used 29167K, capacity 29460K, committed 31744K, reserved 1077248K
  class space    used 3831K, capacity 3932K, committed 4352K, reserved 1048576K
Event: 556.270 GC heap after
Heap after GC invocations=1832 (full 1513):
 PSYoungGen      total 392192K, used 266238K [0x00000000e0000000, 0x00000000ff980000, 0x0000000100000000)
  eden space 266240K, 99% used [0x00000000e0000000,0x00000000f03ff920,0x00000000f0400000)
  from space 125952K, 0% used [0x00000000f0400000,0x00000000f0400000,0x00000000f7f00000)
  to   space 122368K, 0% used [0x00000000f8200000,0x00000000f8200000,0x00000000ff980000)
 ParOldGen       total 1048576K, used 1048575K [0x00000000a0000000, 0x00000000e0000000, 0x00000000e0000000)
  object space 1048576K, 99% used [0x00000000a0000000,0x00000000dfffffb0,0x00000000e0000000)
 Metaspace       used 29167K, capacity 29460K, committed 31744K, reserved 1077248K
  class space    used 3831K, capacity 3932K, committed 4352K, reserved 1048576K
}
Event: 556.270 GC heap before
{Heap before GC invocations=1833 (full 1514):
 PSYoungGen      total 392192K, used 266240K [0x00000000e0000000, 0x00000000ff980000, 0x0000000100000000)
  eden space 266240K, 100% used [0x00000000e0000000,0x00000000f0400000,0x00000000f0400000)
  from space 125952K, 0% used [0x00000000f0400000,0x00000000f0400000,0x00000000f7f00000)
  to   space 122368K, 0% used [0x00000000f8200000,0x00000000f8200000,0x00000000ff980000)
 ParOldGen       total 1048576K, used 1048575K [0x00000000a0000000, 0x00000000e0000000, 0x00000000e0000000)
  object space 1048576K, 99% used [0x00000000a0000000,0x00000000dfffffb0,0x00000000e0000000)
 Metaspace       used 29167K, capacity 29460K, committed 31744K, reserved 1077248K
  class space    used 3831K, capacity 3932K, committed 4352K, reserved 1048576K
Event: 556.577 GC heap after
Heap after GC invocations=1833 (full 1514):
 PSYoungGen      total 392192K, used 266238K [0x00000000e0000000, 0x00000000ff980000, 0x0000000100000000)
  eden space 266240K, 99% used [0x00000000e0000000,0x00000000f03ffbe8,0x00000000f0400000)
  from space 125952K, 0% used [0x00000000f0400000,0x00000000f0400000,0x00000000f7f00000)
  to   space 122368K, 0% used [0x00000000f8200000,0x00000000f8200000,0x00000000ff980000)
 ParOldGen       total 1048576K, used 1048575K [0x00000000a0000000, 0x00000000e0000000, 0x00000000e0000000)
  object space 1048576K, 99% used [0x00000000a0000000,0x00000000dfffffb0,0x00000000e0000000)
 Metaspace       used 29167K, capacity 29460K, committed 31744K, reserved 1077248K
  class space    used 3831K, capacity 3932K, committed 4352K, reserved 1048576K
}
Event: 556.578 GC heap before
{Heap before GC invocations=1834 (full 1515):
 PSYoungGen      total 392192K, used 266240K [0x00000000e0000000, 0x00000000ff980000, 0x0000000100000000)
  eden space 266240K, 100% used [0x00000000e0000000,0x00000000f0400000,0x00000000f0400000)
  from space 125952K, 0% used [0x00000000f0400000,0x00000000f0400000,0x00000000f7f00000)
  to   space 122368K, 0% used [0x00000000f8200000,0x00000000f8200000,0x00000000ff980000)
 ParOldGen       total 1048576K, used 1048575K [0x00000000a0000000, 0x00000000e0000000, 0x00000000e0000000)
  object space 1048576K, 99% used [0x00000000a0000000,0x00000000dfffffb0,0x00000000e0000000)
 Metaspace       used 29167K, capacity 29460K, committed 31744K, reserved 1077248K
  class space    used 3831K, capacity 3932K, committed 4352K, reserved 1048576K

